vm-benchmark
    description: Computer
    product: VirtualBox ()
    vendor: innotek GmbH
    version: 1.2
    serial: 0
    width: 64 bits
    capabilities: smbios-2.5 dmi-2.5 vsyscall32
    configuration: family=Virtual Machine uuid=0F1F31C7-4803-4B04-BD3C-689A3E2C2B5C
  *-core
       description: Motherboard
       product: VirtualBox
       vendor: Oracle Corporation
       physical id: 0
       version: 1.2
       serial: 0
     *-firmware
          description: BIOS
          vendor: innotek GmbH
          physical id: 0
          version: VirtualBox
          date: 12/01/2006
          size: 128KiB
          capabilities: isa pci cdboot bootselect int9keyboard int10video acpi
     *-memory
          description: System memory
          physical id: 1
          size: 3953MiB
     *-cpu
          product: Intel(R) Core(TM) i5 CPU         750  @ 2.67GHz
          vendor: Intel Corp.
          physical id: 2
          bus info: cpu@0
          width: 64 bits
          capabilities: fpu fpu_exception wp vme de pse tsc msr pae mce cx8 apic sep mtrr pge mca cmov pat pse36 clflush
 mmx fxsr sse sse2 ht syscall nx rdtscp x86-64 constant_tsc rep_good nopl xtopology nonstop_tsc pni ssse3 sse4_1 sse4_2
lahf_lm
     *-pci
          description: Host bridge
          product: 440FX - 82441FX PMC [Natoma]
          vendor: Intel Corporation
          physical id: 100
          bus info: pci@0000:00:00.0
          version: 02
          width: 32 bits
          clock: 33MHz
        *-isa
             description: ISA bridge
             product: 82371SB PIIX3 ISA [Natoma/Triton II]
             vendor: Intel Corporation
             physical id: 1
             bus info: pci@0000:00:01.0
             version: 00
             width: 32 bits
             clock: 33MHz
             capabilities: isa bus_master
             configuration: latency=0
        *-display UNCLAIMED
             description: VGA compatible controller
             product: VirtualBox Graphics Adapter
             vendor: InnoTek Systemberatung GmbH
             physical id: 2
             bus info: pci@0000:00:02.0
             version: 00
             width: 32 bits
             clock: 33MHz
             capabilities: vga_controller bus_master
             configuration: latency=0
             resources: memory:e0000000-e0ffffff
        *-network
             description: Ethernet interface
             product: 82540EM Gigabit Ethernet Controller
             vendor: Intel Corporation
             physical id: 3
             bus info: pci@0000:00:03.0
             logical name: eth0
             version: 02
             serial: 08:00:27:fd:f0:ed
             size: 1Gbit/s
             capacity: 1Gbit/s
             width: 32 bits
             clock: 66MHz
             capabilities: pm pcix bus_master cap_list ethernet physical tp 10bt 10bt-fd 100bt 100bt-fd 1000bt-fd autone
gotiation
             configuration: autonegotiation=on broadcast=yes driver=e1000 driverversion=7.3.21-k8-NAPI duplex=full ip=10
.0.2.15 latency=64 link=yes mingnt=255 multicast=yes port=twisted pair speed=1Gbit/s
             resources: irq:19 memory:f0000000-f001ffff ioport:d000(size=8)
        *-generic
             description: System peripheral
             product: VirtualBox Guest Service
             vendor: InnoTek Systemberatung GmbH
             physical id: 4
             bus info: pci@0000:00:04.0
             version: 00
             width: 32 bits
             clock: 33MHz
             capabilities: bus_master
             configuration: driver=vboxguest latency=0
             resources: irq:20 ioport:d020(size=32) memory:f0400000-f07fffff memory:f0800000-f0803fff
        *-bridge UNCLAIMED
             description: Bridge
             product: 82371AB/EB/MB PIIX4 ACPI
             vendor: Intel Corporation
             physical id: 7
             bus info: pci@0000:00:07.0
             version: 08
             width: 32 bits
             clock: 33MHz
             capabilities: bridge bus_master
             configuration: latency=0
        *-storage
             description: SATA controller
             product: 82801HM/HEM (ICH8M/ICH8M-E) SATA Controller [AHCI mode]
             vendor: Intel Corporation
             physical id: d
             bus info: pci@0000:00:0d.0
             version: 02
             width: 32 bits
             clock: 33MHz
             capabilities: storage pm ahci_1.0 bus_master cap_list
             configuration: driver=ahci latency=64
             resources: irq:21 ioport:d040(size=8) ioport:d050(size=8) ioport:d060(size=16) memory:f0804000-f0805fff
     *-scsi
          physical id: 3
          logical name: scsi0
          capabilities: emulated
        *-disk
             description: ATA Disk
             product: VBOX HARDDISK
             physical id: 0.0.0
             bus info: scsi@0:0.0.0
             logical name: /dev/sda
             version: 1.0
             serial: VB9adb73ee-92f28bcd
             size: 40GiB (42GB)
             capabilities: partitioned partitioned:dos
             configuration: ansiversion=5 sectorsize=512 signature=0001e107
           *-volume
                description: EXT4 volume
                vendor: Linux
                physical id: 1
                bus info: scsi@0:0.0.0,1
                logical name: /dev/sda1
                logical name: /
                version: 1.0
                serial: e78521d8-7359-4282-a8a6-71201c02910e
                size: 4095MiB
                capacity: 39GiB
                capabilities: primary bootable journaled extended_attributes large_files huge_files dir_nlink recover ex
tents ext4 ext2 initialized
                configuration: created=2015-11-26 20:45:21 filesystem=ext4 label=cloudimg-rootfs lastmountpoint=/tmp/vag
rant.Vu8d modified=2015-11-26 22:52:58 mount.fstype=ext4 mount.options=rw,relatime,data=ordered mounted=2015-12-01 13:02
:42 state=mounted